<?xml version="1.0" encoding="UTF-8"?>
<!-- Generated by org.testng.reporters.JUnitReportReporter -->
<testsuite hostname="DESKTOP-U4N34CQ" failures="0" tests="1" name="runner.DemoWebShopRunner" time="28.002" errors="0" timestamp="2023-12-15T09:52:17 IST" skipped="0">
  <testcase classname="runner.DemoWebShopRunner" name="runScenario" time="28.002"/>
  <system-out/>
</testsuite> <!-- runner.DemoWebShopRunner -->
